{"name": "test_verify_invalid_details", "status": "broken", "statusDetails": {"message": "selenium.common.exceptions.TimeoutException: Message:", "trace": "self = <testcases.test_smartWaterSubscription.TestSmartWaterSubscription object at 0x00000206A9354D00>\n\n    def test_verify_invalid_details(self):\n>       self.verify_invalid_details()\n\ntestcases\\test_smartWaterSubscription.py:31: \n_ _ _ _ _ _ _ _ _ _ _ _ _ _ _ _ _ _ _ _ _ _ _ _ _ _ _ _ _ _ _ _ _ _ _ _ _ _ _ _ _ _ _ _ _ _ _ _ _ _ _ _ _ _ _ _ _ _ _ _ _ _ _ _ _ _ _ _ _ _ _ _ _ _ _ _ _ _ _ _ _ _ _\nPages\\smartWaterSubscriptionPage.py:145: in verify_invalid_details\n    self.click(SignUpPage.subscribeBtn)\nutilities\\BaseClass.py:21: in click\n    WebDriverWait(self.driver,10).until(EC.visibility_of_element_located(by_locator)).click()\n_ _ _ _ _ _ _ _ _ _ _ _ _ _ _ _ _ _ _ _ _ _ _ _ _ _ _ _ _ _ _ _ _ _ _ _ _ _ _ _ _ _ _ _ _ _ _ _ _ _ _ _ _ _ _ _ _ _ _ _ _ _ _ _ _ _ _ _ _ _ _ _ _ _ _ _ _ _ _ _ _ _ _\n\nself = <selenium.webdriver.support.wait.WebDriverWait (session=\"50199554f2f8852e341d6321ea5c4257\")>\nmethod = <selenium.webdriver.support.expected_conditions.visibility_of_element_located object at 0x00000206A91BE8E0>, message = ''\n\n    def until(self, method, message=''):\n        \"\"\"Calls the method provided with the driver as an argument until the \\\n        return value is not False.\"\"\"\n        screen = None\n        stacktrace = None\n    \n        end_time = time.time() + self._timeout\n        while True:\n            try:\n                value = method(self._driver)\n                if value:\n                    return value\n            except self._ignored_exceptions as exc:\n                screen = getattr(exc, 'screen', None)\n                stacktrace = getattr(exc, 'stacktrace', None)\n            time.sleep(self._poll)\n            if time.time() > end_time:\n                break\n>       raise TimeoutException(message, screen, stacktrace)\nE       selenium.common.exceptions.TimeoutException: Message:\n\nvenv\\lib\\site-packages\\selenium\\webdriver\\support\\wait.py:80: TimeoutException"}, "start": 1625047731452, "stop": 1625047742015, "uuid": "c9e9f0fb-0224-47eb-a612-4f4785e12d37", "historyId": "1fc09b415b0c9b7638e21ca1ce8951a0", "testCaseId": "4504390bc7bb4420e3ce5e615c7e2d90", "fullName": "testcases.test_smartWaterSubscription.TestSmartWaterSubscription#test_verify_invalid_details", "labels": [{"name": "tag", "value": "@pytest.mark.usefixtures('setup')"}, {"name": "parentSuite", "value": "testcases"}, {"name": "suite", "value": "test_smartWaterSubscription"}, {"name": "subSuite", "value": "TestSmartWaterSubscription"}, {"name": "host", "value": "RPS-SBC-L-0008"}, {"name": "thread", "value": "20392-MainThread"}, {"name": "framework", "value": "pytest"}, {"name": "language", "value": "cpython3"}, {"name": "package", "value": "testcases.test_smartWaterSubscription"}]}