{"name": "test_verify_PremiumPlan", "status": "broken", "statusDetails": {"message": "selenium.common.exceptions.TimeoutException: Message:", "trace": "self = <testcases.test_premiumSubscriptionPage.TestPremiumSubscription object at 0x00000206A91C7B50>\n\n    def test_verify_PremiumPlan(self):\n>       self.verify_PremiumPlan(readData(excel,'SignUp',30,1),readData(excel,'SignUp',30,2),readData(excel,'SignUp',30,3))\n\ntestcases\\test_premiumSubscriptionPage.py:13: \n_ _ _ _ _ _ _ _ _ _ _ _ _ _ _ _ _ _ _ _ _ _ _ _ _ _ _ _ _ _ _ _ _ _ _ _ _ _ _ _ _ _ _ _ _ _ _ _ _ _ _ _ _ _ _ _ _ _ _ _ _ _ _ _ _ _ _ _ _ _ _ _ _ _ _ _ _ _ _ _ _ _ _\nPages\\premiumSubscriptionPage.py:75: in verify_PremiumPlan\n    monthtext = self.getText(SignUpPage.premiummonth)\nutilities\\BaseClass.py:35: in getText\n    return WebDriverWait(self.driver, 10).until(EC.visibility_of_element_located(by_locator)).text\n_ _ _ _ _ _ _ _ _ _ _ _ _ _ _ _ _ _ _ _ _ _ _ _ _ _ _ _ _ _ _ _ _ _ _ _ _ _ _ _ _ _ _ _ _ _ _ _ _ _ _ _ _ _ _ _ _ _ _ _ _ _ _ _ _ _ _ _ _ _ _ _ _ _ _ _ _ _ _ _ _ _ _\n\nself = <selenium.webdriver.support.wait.WebDriverWait (session=\"3ddc6cc90c0ed946bdc51c9286909eb8\")>\nmethod = <selenium.webdriver.support.expected_conditions.visibility_of_element_located object at 0x00000206A92FC430>, message = ''\n\n    def until(self, method, message=''):\n        \"\"\"Calls the method provided with the driver as an argument until the \\\n        return value is not False.\"\"\"\n        screen = None\n        stacktrace = None\n    \n        end_time = time.time() + self._timeout\n        while True:\n            try:\n                value = method(self._driver)\n                if value:\n                    return value\n            except self._ignored_exceptions as exc:\n                screen = getattr(exc, 'screen', None)\n                stacktrace = getattr(exc, 'stacktrace', None)\n            time.sleep(self._poll)\n            if time.time() > end_time:\n                break\n>       raise TimeoutException(message, screen, stacktrace)\nE       selenium.common.exceptions.TimeoutException: Message:\n\nvenv\\lib\\site-packages\\selenium\\webdriver\\support\\wait.py:80: TimeoutException"}, "attachments": [{"name": "log", "source": "78c2f58b-f511-4394-a7cb-8343a42581d2-attachment.txt", "type": "text/plain"}], "start": 1625047468541, "stop": 1625047482260, "uuid": "08668932-34b3-4294-9563-6d9bd63932fc", "historyId": "378c01c74290e128eb4abdc5df862e4e", "testCaseId": "e0a18c445097cc14e358285e2af6687a", "fullName": "testcases.test_premiumSubscriptionPage.TestPremiumSubscription#test_verify_PremiumPlan", "labels": [{"name": "tag", "value": "@pytest.mark.usefixtures('setup')"}, {"name": "parentSuite", "value": "testcases"}, {"name": "suite", "value": "test_premiumSubscriptionPage"}, {"name": "subSuite", "value": "TestPremiumSubscription"}, {"name": "host", "value": "RPS-SBC-L-0008"}, {"name": "thread", "value": "20392-MainThread"}, {"name": "framework", "value": "pytest"}, {"name": "language", "value": "cpython3"}, {"name": "package", "value": "testcases.test_premiumSubscriptionPage"}]}