{"name": "test_signUp", "status": "broken", "statusDetails": {"message": "selenium.common.exceptions.TimeoutException: Message:", "trace": "self = <testcases.test_smartWaterSubscription.TestSmartWaterSubscription object at 0x000001D364E25F70>\n\n    def test_signUp(self):\n>       self.SignUp(readData(excel,'SignUp',2,1),readData(excel,'SignUp',2,2),\n                    readData(excel,'SignUp',2,3),readData(excel,'SignUp',2,5))\n\ntestcases\\test_smartWaterSubscription.py:21: \n_ _ _ _ _ _ _ _ _ _ _ _ _ _ _ _ _ _ _ _ _ _ _ _ _ _ _ _ _ _ _ _ _ _ _ _ _ _ _ _ _ _ _ _ _ _ _ _ _ _ _ _ _ _ _ _ _ _ _ _ _ _ _ _ _ _ _ _ _ _ _ _ _ _ _ _ _ _ _ _ _ _ _\nPages\\smartWaterSubscriptionPage.py:79: in SignUp\n    self.click(SignUpPage.subscribeBtn)\nutilities\\BaseClass.py:21: in click\n    WebDriverWait(self.driver,10).until(EC.visibility_of_element_located(by_locator)).click()\n_ _ _ _ _ _ _ _ _ _ _ _ _ _ _ _ _ _ _ _ _ _ _ _ _ _ _ _ _ _ _ _ _ _ _ _ _ _ _ _ _ _ _ _ _ _ _ _ _ _ _ _ _ _ _ _ _ _ _ _ _ _ _ _ _ _ _ _ _ _ _ _ _ _ _ _ _ _ _ _ _ _ _\n\nself = <selenium.webdriver.support.wait.WebDriverWait (session=\"8e65856c2759d43f79d1f98ffd5f1bf9\")>\nmethod = <selenium.webdriver.support.expected_conditions.visibility_of_element_located object at 0x000001D364D85340>, message = ''\n\n    def until(self, method, message=''):\n        \"\"\"Calls the method provided with the driver as an argument until the \\\n        return value is not False.\"\"\"\n        screen = None\n        stacktrace = None\n    \n        end_time = time.time() + self._timeout\n        while True:\n            try:\n                value = method(self._driver)\n                if value:\n                    return value\n            except self._ignored_exceptions as exc:\n                screen = getattr(exc, 'screen', None)\n                stacktrace = getattr(exc, 'stacktrace', None)\n            time.sleep(self._poll)\n            if time.time() > end_time:\n                break\n>       raise TimeoutException(message, screen, stacktrace)\nE       selenium.common.exceptions.TimeoutException: Message:\n\nvenv\\lib\\site-packages\\selenium\\webdriver\\support\\wait.py:80: TimeoutException"}, "start": 1625049090865, "stop": 1625049101760, "uuid": "2a58e344-6636-48cb-86cf-ec8d11c2e9c1", "historyId": "1b6aecdff5561f5714e1b6131ae1b506", "testCaseId": "cd95931359e4172143c282e2c7fc5f88", "fullName": "testcases.test_smartWaterSubscription.TestSmartWaterSubscription#test_signUp", "labels": [{"name": "tag", "value": "@pytest.mark.usefixtures('setup')"}, {"name": "parentSuite", "value": "testcases"}, {"name": "suite", "value": "test_smartWaterSubscription"}, {"name": "subSuite", "value": "TestSmartWaterSubscription"}, {"name": "host", "value": "RPS-SBC-L-0008"}, {"name": "thread", "value": "22012-MainThread"}, {"name": "framework", "value": "pytest"}, {"name": "language", "value": "cpython3"}, {"name": "package", "value": "testcases.test_smartWaterSubscription"}]}