{"name": "test_verify_PremiumPlan", "status": "broken", "statusDetails": {"message": "selenium.common.exceptions.TimeoutException: Message:", "trace": "self = <testcases.test_premiumSubscriptionPage.TestPremiumSubscription object at 0x000001D364C77D00>\n\n    def test_verify_PremiumPlan(self):\n>       self.verify_PremiumPlan(readData(excel,'SignUp',30,1),readData(excel,'SignUp',30,2),readData(excel,'SignUp',30,3))\n\ntestcases\\test_premiumSubscriptionPage.py:13: \n_ _ _ _ _ _ _ _ _ _ _ _ _ _ _ _ _ _ _ _ _ _ _ _ _ _ _ _ _ _ _ _ _ _ _ _ _ _ _ _ _ _ _ _ _ _ _ _ _ _ _ _ _ _ _ _ _ _ _ _ _ _ _ _ _ _ _ _ _ _ _ _ _ _ _ _ _ _ _ _ _ _ _\nPages\\premiumSubscriptionPage.py:75: in verify_PremiumPlan\n    monthtext = self.getText(SignUpPage.premiummonth)\nutilities\\BaseClass.py:35: in getText\n    return WebDriverWait(self.driver, 10).until(EC.visibility_of_element_located(by_locator)).text\n_ _ _ _ _ _ _ _ _ _ _ _ _ _ _ _ _ _ _ _ _ _ _ _ _ _ _ _ _ _ _ _ _ _ _ _ _ _ _ _ _ _ _ _ _ _ _ _ _ _ _ _ _ _ _ _ _ _ _ _ _ _ _ _ _ _ _ _ _ _ _ _ _ _ _ _ _ _ _ _ _ _ _\n\nself = <selenium.webdriver.support.wait.WebDriverWait (session=\"bef8d4b8bc8e5c2c20a562732c68ab02\")>\nmethod = <selenium.webdriver.support.expected_conditions.visibility_of_element_located object at 0x000001D364D50E20>, message = ''\n\n    def until(self, method, message=''):\n        \"\"\"Calls the method provided with the driver as an argument until the \\\n        return value is not False.\"\"\"\n        screen = None\n        stacktrace = None\n    \n        end_time = time.time() + self._timeout\n        while True:\n            try:\n                value = method(self._driver)\n                if value:\n                    return value\n            except self._ignored_exceptions as exc:\n                screen = getattr(exc, 'screen', None)\n                stacktrace = getattr(exc, 'stacktrace', None)\n            time.sleep(self._poll)\n            if time.time() > end_time:\n                break\n>       raise TimeoutException(message, screen, stacktrace)\nE       selenium.common.exceptions.TimeoutException: Message:\n\nvenv\\lib\\site-packages\\selenium\\webdriver\\support\\wait.py:80: TimeoutException"}, "attachments": [{"name": "log", "source": "7cc72205-5b7b-4832-b226-4ddcee5de894-attachment.txt", "type": "text/plain"}], "start": 1625048817758, "stop": 1625048835050, "uuid": "d4e0e264-1426-442b-92b9-81dcea01eae2", "historyId": "378c01c74290e128eb4abdc5df862e4e", "testCaseId": "e0a18c445097cc14e358285e2af6687a", "fullName": "testcases.test_premiumSubscriptionPage.TestPremiumSubscription#test_verify_PremiumPlan", "labels": [{"name": "tag", "value": "@pytest.mark.usefixtures('setup')"}, {"name": "parentSuite", "value": "testcases"}, {"name": "suite", "value": "test_premiumSubscriptionPage"}, {"name": "subSuite", "value": "TestPremiumSubscription"}, {"name": "host", "value": "RPS-SBC-L-0008"}, {"name": "thread", "value": "22012-MainThread"}, {"name": "framework", "value": "pytest"}, {"name": "language", "value": "cpython3"}, {"name": "package", "value": "testcases.test_premiumSubscriptionPage"}]}