{"name": "test_verify_premiumLandingPage", "status": "broken", "statusDetails": {"message": "selenium.common.exceptions.TimeoutException: Message:", "trace": "self = <testcases.test_premiumSubscriptionPage.TestPremiumSubscription object at 0x00000206A9106DF0>\n\n    def test_verify_premiumLandingPage(self):\n>       self.verify_premiumLandingPage(readData(excel,'SignUp',30,3),readData(excel,'SignUp',30,2),readData(excel,'SignUp',31,2))\n\ntestcases\\test_premiumSubscriptionPage.py:9: \n_ _ _ _ _ _ _ _ _ _ _ _ _ _ _ _ _ _ _ _ _ _ _ _ _ _ _ _ _ _ _ _ _ _ _ _ _ _ _ _ _ _ _ _ _ _ _ _ _ _ _ _ _ _ _ _ _ _ _ _ _ _ _ _ _ _ _ _ _ _ _ _ _ _ _ _ _ _ _ _ _ _ _\nPages\\premiumSubscriptionPage.py:23: in verify_premiumLandingPage\n    monthly = self.getText(premiumPage.monthly)\nutilities\\BaseClass.py:35: in getText\n    return WebDriverWait(self.driver, 10).until(EC.visibility_of_element_located(by_locator)).text\n_ _ _ _ _ _ _ _ _ _ _ _ _ _ _ _ _ _ _ _ _ _ _ _ _ _ _ _ _ _ _ _ _ _ _ _ _ _ _ _ _ _ _ _ _ _ _ _ _ _ _ _ _ _ _ _ _ _ _ _ _ _ _ _ _ _ _ _ _ _ _ _ _ _ _ _ _ _ _ _ _ _ _\n\nself = <selenium.webdriver.support.wait.WebDriverWait (session=\"13c1a84f4540bd68258ca5577e99bdcc\")>\nmethod = <selenium.webdriver.support.expected_conditions.visibility_of_element_located object at 0x00000206A91060D0>, message = ''\n\n    def until(self, method, message=''):\n        \"\"\"Calls the method provided with the driver as an argument until the \\\n        return value is not False.\"\"\"\n        screen = None\n        stacktrace = None\n    \n        end_time = time.time() + self._timeout\n        while True:\n            try:\n                value = method(self._driver)\n                if value:\n                    return value\n            except self._ignored_exceptions as exc:\n                screen = getattr(exc, 'screen', None)\n                stacktrace = getattr(exc, 'stacktrace', None)\n            time.sleep(self._poll)\n            if time.time() > end_time:\n                break\n>       raise TimeoutException(message, screen, stacktrace)\nE       selenium.common.exceptions.TimeoutException: Message:\n\nvenv\\lib\\site-packages\\selenium\\webdriver\\support\\wait.py:80: TimeoutException"}, "start": 1625047449429, "stop": 1625047460260, "uuid": "d7ffb406-c073-41a1-b888-e006dc2e6a68", "historyId": "67e06e2b20d517aea4ce24a373ee949c", "testCaseId": "54ca83ef66074ca2aa323d36632528dc", "fullName": "testcases.test_premiumSubscriptionPage.TestPremiumSubscription#test_verify_premiumLandingPage", "labels": [{"name": "tag", "value": "@pytest.mark.usefixtures('setup')"}, {"name": "parentSuite", "value": "testcases"}, {"name": "suite", "value": "test_premiumSubscriptionPage"}, {"name": "subSuite", "value": "TestPremiumSubscription"}, {"name": "host", "value": "RPS-SBC-L-0008"}, {"name": "thread", "value": "20392-MainThread"}, {"name": "framework", "value": "pytest"}, {"name": "language", "value": "cpython3"}, {"name": "package", "value": "testcases.test_premiumSubscriptionPage"}]}