{"name": "test_verify_signupPremPlanWithRefCode", "status": "broken", "statusDetails": {"message": "selenium.common.exceptions.TimeoutException: Message:", "trace": "self = <testcases.test_premiumSubscriptionPage.TestPremiumSubscription object at 0x00000206A9330DC0>\n\n    def test_verify_signupPremPlanWithRefCode(self):\n>       self.verify_signupPremPlanWithRefCode(readData(excel,'SignUp',30,9),readData(excel,'SignUp',30,2),readData(excel,'SignUp',30,3))\n\ntestcases\\test_premiumSubscriptionPage.py:32: \n_ _ _ _ _ _ _ _ _ _ _ _ _ _ _ _ _ _ _ _ _ _ _ _ _ _ _ _ _ _ _ _ _ _ _ _ _ _ _ _ _ _ _ _ _ _ _ _ _ _ _ _ _ _ _ _ _ _ _ _ _ _ _ _ _ _ _ _ _ _ _ _ _ _ _ _ _ _ _ _ _ _ _\nPages\\premiumSubscriptionPage.py:245: in verify_signupPremPlanWithRefCode\n    self.click(premiumPage.subscribeNow1)\nutilities\\BaseClass.py:21: in click\n    WebDriverWait(self.driver,10).until(EC.visibility_of_element_located(by_locator)).click()\n_ _ _ _ _ _ _ _ _ _ _ _ _ _ _ _ _ _ _ _ _ _ _ _ _ _ _ _ _ _ _ _ _ _ _ _ _ _ _ _ _ _ _ _ _ _ _ _ _ _ _ _ _ _ _ _ _ _ _ _ _ _ _ _ _ _ _ _ _ _ _ _ _ _ _ _ _ _ _ _ _ _ _\n\nself = <selenium.webdriver.support.wait.WebDriverWait (session=\"8aa3a1f6e22e4ffced910357117e7e04\")>\nmethod = <selenium.webdriver.support.expected_conditions.visibility_of_element_located object at 0x00000206A930F0D0>, message = ''\n\n    def until(self, method, message=''):\n        \"\"\"Calls the method provided with the driver as an argument until the \\\n        return value is not False.\"\"\"\n        screen = None\n        stacktrace = None\n    \n        end_time = time.time() + self._timeout\n        while True:\n            try:\n                value = method(self._driver)\n                if value:\n                    return value\n            except self._ignored_exceptions as exc:\n                screen = getattr(exc, 'screen', None)\n                stacktrace = getattr(exc, 'stacktrace', None)\n            time.sleep(self._poll)\n            if time.time() > end_time:\n                break\n>       raise TimeoutException(message, screen, stacktrace)\nE       selenium.common.exceptions.TimeoutException: Message:\n\nvenv\\lib\\site-packages\\selenium\\webdriver\\support\\wait.py:80: TimeoutException"}, "start": 1625047554638, "stop": 1625047568944, "uuid": "debc8816-15de-490f-9387-d6335bf4d9ba", "historyId": "128eaa8296a8d29a0100d7c9eb060d7b", "testCaseId": "7b3e3a5d107c18d5b50fcb09db547a10", "fullName": "testcases.test_premiumSubscriptionPage.TestPremiumSubscription#test_verify_signupPremPlanWithRefCode", "labels": [{"name": "tag", "value": "@pytest.mark.usefixtures('setup')"}, {"name": "parentSuite", "value": "testcases"}, {"name": "suite", "value": "test_premiumSubscriptionPage"}, {"name": "subSuite", "value": "TestPremiumSubscription"}, {"name": "host", "value": "RPS-SBC-L-0008"}, {"name": "thread", "value": "20392-MainThread"}, {"name": "framework", "value": "pytest"}, {"name": "language", "value": "cpython3"}, {"name": "package", "value": "testcases.test_premiumSubscriptionPage"}]}