{"name": "test_verify_PayAmountByreLogin", "status": "broken", "statusDetails": {"message": "selenium.common.exceptions.TimeoutException: Message:", "trace": "self = <testcases.test_premiumSubscriptionPage.TestPremiumSubscription object at 0x00000206A93549D0>\n\n    def test_verify_PayAmountByreLogin(self):\n>       self.verify_PayAmountByreLogin(readData(excel,'SignUp',31,6),readData(excel,'SignUp',31,8))\n\ntestcases\\test_premiumSubscriptionPage.py:40: \n_ _ _ _ _ _ _ _ _ _ _ _ _ _ _ _ _ _ _ _ _ _ _ _ _ _ _ _ _ _ _ _ _ _ _ _ _ _ _ _ _ _ _ _ _ _ _ _ _ _ _ _ _ _ _ _ _ _ _ _ _ _ _ _ _ _ _ _ _ _ _ _ _ _ _ _ _ _ _ _ _ _ _\nPages\\premiumSubscriptionPage.py:356: in verify_PayAmountByreLogin\n    self.click(SignUpPage.premiumBth)\nutilities\\BaseClass.py:21: in click\n    WebDriverWait(self.driver,10).until(EC.visibility_of_element_located(by_locator)).click()\n_ _ _ _ _ _ _ _ _ _ _ _ _ _ _ _ _ _ _ _ _ _ _ _ _ _ _ _ _ _ _ _ _ _ _ _ _ _ _ _ _ _ _ _ _ _ _ _ _ _ _ _ _ _ _ _ _ _ _ _ _ _ _ _ _ _ _ _ _ _ _ _ _ _ _ _ _ _ _ _ _ _ _\n\nself = <selenium.webdriver.support.wait.WebDriverWait (session=\"9591aeafbce85cc110e5b56b3df3b2bf\")>\nmethod = <selenium.webdriver.support.expected_conditions.visibility_of_element_located object at 0x00000206A9357580>, message = ''\n\n    def until(self, method, message=''):\n        \"\"\"Calls the method provided with the driver as an argument until the \\\n        return value is not False.\"\"\"\n        screen = None\n        stacktrace = None\n    \n        end_time = time.time() + self._timeout\n        while True:\n            try:\n                value = method(self._driver)\n                if value:\n                    return value\n            except self._ignored_exceptions as exc:\n                screen = getattr(exc, 'screen', None)\n                stacktrace = getattr(exc, 'stacktrace', None)\n            time.sleep(self._poll)\n            if time.time() > end_time:\n                break\n>       raise TimeoutException(message, screen, stacktrace)\nE       selenium.common.exceptions.TimeoutException: Message:\n\nvenv\\lib\\site-packages\\selenium\\webdriver\\support\\wait.py:80: TimeoutException"}, "attachments": [{"name": "log", "source": "7842a8de-17a9-430c-949a-3f025a3c8fa9-attachment.txt", "type": "text/plain"}], "start": 1625047598190, "stop": 1625047620841, "uuid": "5970082d-e3ee-496f-aae2-371a904ba2f5", "historyId": "0383bf571b4d4b5621afab3a03095e2b", "testCaseId": "349a5e9980a26876ce1c178e527ed934", "fullName": "testcases.test_premiumSubscriptionPage.TestPremiumSubscription#test_verify_PayAmountByreLogin", "labels": [{"name": "tag", "value": "@pytest.mark.usefixtures('setup')"}, {"name": "parentSuite", "value": "testcases"}, {"name": "suite", "value": "test_premiumSubscriptionPage"}, {"name": "subSuite", "value": "TestPremiumSubscription"}, {"name": "host", "value": "RPS-SBC-L-0008"}, {"name": "thread", "value": "20392-MainThread"}, {"name": "framework", "value": "pytest"}, {"name": "language", "value": "cpython3"}, {"name": "package", "value": "testcases.test_premiumSubscriptionPage"}]}