{"name": "test_verify_referralCode", "status": "broken", "statusDetails": {"message": "selenium.common.exceptions.TimeoutException: Message:", "trace": "self = <testcases.test_smartWaterSubscription.TestSmartWaterSubscription object at 0x000001D364E27EB0>\n\n    @mark.depends(on=['test_signUp'])\n    def test_verify_referralCode(self):\n>       self.verify_referralCode(readData(excel,'SignUp',2,2),readData(excel,'SignUp',2,5),readData(excel,'SignUp',18,1))\n\ntestcases\\test_smartWaterSubscription.py:36: \n_ _ _ _ _ _ _ _ _ _ _ _ _ _ _ _ _ _ _ _ _ _ _ _ _ _ _ _ _ _ _ _ _ _ _ _ _ _ _ _ _ _ _ _ _ _ _ _ _ _ _ _ _ _ _ _ _ _ _ _ _ _ _ _ _ _ _ _ _ _ _ _ _ _ _ _ _ _ _ _ _ _ _\nPages\\smartWaterSubscriptionPage.py:169: in verify_referralCode\n    self.click(SignUpPage.menu_profileLink)\nutilities\\BaseClass.py:21: in click\n    WebDriverWait(self.driver,10).until(EC.visibility_of_element_located(by_locator)).click()\n_ _ _ _ _ _ _ _ _ _ _ _ _ _ _ _ _ _ _ _ _ _ _ _ _ _ _ _ _ _ _ _ _ _ _ _ _ _ _ _ _ _ _ _ _ _ _ _ _ _ _ _ _ _ _ _ _ _ _ _ _ _ _ _ _ _ _ _ _ _ _ _ _ _ _ _ _ _ _ _ _ _ _\n\nself = <selenium.webdriver.support.wait.WebDriverWait (session=\"567059916746842f0bb4ce8c1bccfcef\")>\nmethod = <selenium.webdriver.support.expected_conditions.visibility_of_element_located object at 0x000001D364DB8550>, message = ''\n\n    def until(self, method, message=''):\n        \"\"\"Calls the method provided with the driver as an argument until the \\\n        return value is not False.\"\"\"\n        screen = None\n        stacktrace = None\n    \n        end_time = time.time() + self._timeout\n        while True:\n            try:\n                value = method(self._driver)\n                if value:\n                    return value\n            except self._ignored_exceptions as exc:\n                screen = getattr(exc, 'screen', None)\n                stacktrace = getattr(exc, 'stacktrace', None)\n            time.sleep(self._poll)\n            if time.time() > end_time:\n                break\n>       raise TimeoutException(message, screen, stacktrace)\nE       selenium.common.exceptions.TimeoutException: Message:\n\nvenv\\lib\\site-packages\\selenium\\webdriver\\support\\wait.py:80: TimeoutException"}, "start": 1625049156166, "stop": 1625049168881, "uuid": "f703f1e2-947a-4e03-80e0-66a782988bab", "historyId": "71e134af7321ee5c279d874a22fc0ee2", "testCaseId": "44da415b920530808a067f17b6bb4081", "fullName": "testcases.test_smartWaterSubscription.TestSmartWaterSubscription#test_verify_referralCode", "labels": [{"name": "tag", "value": "@pytest.mark.usefixtures('setup')"}, {"name": "tag", "value": "depends(on=['test_signUp'])"}, {"name": "parentSuite", "value": "testcases"}, {"name": "suite", "value": "test_smartWaterSubscription"}, {"name": "subSuite", "value": "TestSmartWaterSubscription"}, {"name": "host", "value": "RPS-SBC-L-0008"}, {"name": "thread", "value": "22012-MainThread"}, {"name": "framework", "value": "pytest"}, {"name": "language", "value": "cpython3"}, {"name": "package", "value": "testcases.test_smartWaterSubscription"}]}