{"name": "test_signUp", "status": "broken", "statusDetails": {"message": "selenium.common.exceptions.TimeoutException: Message:", "trace": "self = <testcases.test_smartWaterSubscription.TestSmartWaterSubscription object at 0x00000206A9351D60>\n\n    def test_signUp(self):\n>       self.SignUp(readData(excel,'SignUp',2,1),readData(excel,'SignUp',2,2),\n                    readData(excel,'SignUp',2,3),readData(excel,'SignUp',2,5))\n\ntestcases\\test_smartWaterSubscription.py:21: \n_ _ _ _ _ _ _ _ _ _ _ _ _ _ _ _ _ _ _ _ _ _ _ _ _ _ _ _ _ _ _ _ _ _ _ _ _ _ _ _ _ _ _ _ _ _ _ _ _ _ _ _ _ _ _ _ _ _ _ _ _ _ _ _ _ _ _ _ _ _ _ _ _ _ _ _ _ _ _ _ _ _ _\nPages\\smartWaterSubscriptionPage.py:79: in SignUp\n    self.click(SignUpPage.subscribeBtn)\nutilities\\BaseClass.py:21: in click\n    WebDriverWait(self.driver,10).until(EC.visibility_of_element_located(by_locator)).click()\n_ _ _ _ _ _ _ _ _ _ _ _ _ _ _ _ _ _ _ _ _ _ _ _ _ _ _ _ _ _ _ _ _ _ _ _ _ _ _ _ _ _ _ _ _ _ _ _ _ _ _ _ _ _ _ _ _ _ _ _ _ _ _ _ _ _ _ _ _ _ _ _ _ _ _ _ _ _ _ _ _ _ _\n\nself = <selenium.webdriver.support.wait.WebDriverWait (session=\"dd115cf03352a58aaf13e03a0f3141e4\")>\nmethod = <selenium.webdriver.support.expected_conditions.visibility_of_element_located object at 0x00000206A82218B0>, message = ''\n\n    def until(self, method, message=''):\n        \"\"\"Calls the method provided with the driver as an argument until the \\\n        return value is not False.\"\"\"\n        screen = None\n        stacktrace = None\n    \n        end_time = time.time() + self._timeout\n        while True:\n            try:\n                value = method(self._driver)\n                if value:\n                    return value\n            except self._ignored_exceptions as exc:\n                screen = getattr(exc, 'screen', None)\n                stacktrace = getattr(exc, 'stacktrace', None)\n            time.sleep(self._poll)\n            if time.time() > end_time:\n                break\n>       raise TimeoutException(message, screen, stacktrace)\nE       selenium.common.exceptions.TimeoutException: Message:\n\nvenv\\lib\\site-packages\\selenium\\webdriver\\support\\wait.py:80: TimeoutException"}, "start": 1625047670717, "stop": 1625047697983, "uuid": "590faa39-71b0-4b5a-91ed-6e56404f1ee5", "historyId": "1b6aecdff5561f5714e1b6131ae1b506", "testCaseId": "cd95931359e4172143c282e2c7fc5f88", "fullName": "testcases.test_smartWaterSubscription.TestSmartWaterSubscription#test_signUp", "labels": [{"name": "tag", "value": "@pytest.mark.usefixtures('setup')"}, {"name": "parentSuite", "value": "testcases"}, {"name": "suite", "value": "test_smartWaterSubscription"}, {"name": "subSuite", "value": "TestSmartWaterSubscription"}, {"name": "host", "value": "RPS-SBC-L-0008"}, {"name": "thread", "value": "20392-MainThread"}, {"name": "framework", "value": "pytest"}, {"name": "language", "value": "cpython3"}, {"name": "package", "value": "testcases.test_smartWaterSubscription"}]}