{"name": "test_verify_processTillkycPage", "status": "broken", "statusDetails": {"message": "selenium.common.exceptions.TimeoutException: Message:", "trace": "self = <testcases.test_smartWaterSubscription.TestSmartWaterSubscription object at 0x00000206A93F6670>\n\n    @mark.depends(on=['test_signUp'])\n    def test_verify_processTillkycPage(self):\n>       self.verify_processTillkycPage(readData(excel,'SignUp',2,1),readData(excel,'SignUp',2,5),readData(excel,'SignUp',2,10),readData(excel,'SignUp',2,2),\n                        readData(excel,'SignUp',2,3),readData(excel,'SignUp',2,16),readData(excel,'SignUp',3,16),readData(excel,'SignUp',4,16))\n\ntestcases\\test_smartWaterSubscription.py:41: \n_ _ _ _ _ _ _ _ _ _ _ _ _ _ _ _ _ _ _ _ _ _ _ _ _ _ _ _ _ _ _ _ _ _ _ _ _ _ _ _ _ _ _ _ _ _ _ _ _ _ _ _ _ _ _ _ _ _ _ _ _ _ _ _ _ _ _ _ _ _ _ _ _ _ _ _ _ _ _ _ _ _ _\nPages\\smartWaterSubscriptionPage.py:216: in verify_processTillkycPage\n    self.click(SignUpPage.menu_profileLink)\nutilities\\BaseClass.py:21: in click\n    WebDriverWait(self.driver,10).until(EC.visibility_of_element_located(by_locator)).click()\n_ _ _ _ _ _ _ _ _ _ _ _ _ _ _ _ _ _ _ _ _ _ _ _ _ _ _ _ _ _ _ _ _ _ _ _ _ _ _ _ _ _ _ _ _ _ _ _ _ _ _ _ _ _ _ _ _ _ _ _ _ _ _ _ _ _ _ _ _ _ _ _ _ _ _ _ _ _ _ _ _ _ _\n\nself = <selenium.webdriver.support.wait.WebDriverWait (session=\"38b101a345a9ddc3bfb8f540a07b3938\")>\nmethod = <selenium.webdriver.support.expected_conditions.visibility_of_element_located object at 0x00000206A9354940>, message = ''\n\n    def until(self, method, message=''):\n        \"\"\"Calls the method provided with the driver as an argument until the \\\n        return value is not False.\"\"\"\n        screen = None\n        stacktrace = None\n    \n        end_time = time.time() + self._timeout\n        while True:\n            try:\n                value = method(self._driver)\n                if value:\n                    return value\n            except self._ignored_exceptions as exc:\n                screen = getattr(exc, 'screen', None)\n                stacktrace = getattr(exc, 'stacktrace', None)\n            time.sleep(self._poll)\n            if time.time() > end_time:\n                break\n>       raise TimeoutException(message, screen, stacktrace)\nE       selenium.common.exceptions.TimeoutException: Message:\n\nvenv\\lib\\site-packages\\selenium\\webdriver\\support\\wait.py:80: TimeoutException"}, "attachments": [{"name": "log", "source": "2feb6809-8231-4697-894c-1bcf4274e2a6-attachment.txt", "type": "text/plain"}], "start": 1625047786501, "stop": 1625047815278, "uuid": "32f385a8-260b-4eeb-9acc-e8b84ec672f3", "historyId": "8ef1865f299b4c09f2de32c05a90cfee", "testCaseId": "79a7b4192b545d3f497e06b0a090c5ff", "fullName": "testcases.test_smartWaterSubscription.TestSmartWaterSubscription#test_verify_processTillkycPage", "labels": [{"name": "tag", "value": "depends(on=['test_signUp'])"}, {"name": "tag", "value": "@pytest.mark.usefixtures('setup')"}, {"name": "parentSuite", "value": "testcases"}, {"name": "suite", "value": "test_smartWaterSubscription"}, {"name": "subSuite", "value": "TestSmartWaterSubscription"}, {"name": "host", "value": "RPS-SBC-L-0008"}, {"name": "thread", "value": "20392-MainThread"}, {"name": "framework", "value": "pytest"}, {"name": "language", "value": "cpython3"}, {"name": "package", "value": "testcases.test_smartWaterSubscription"}]}